
class Install_Node_install laoded 
PHP class nmae called class name :Install_Node_install
Starting install() of INSTALL.NODE
new install for INSTALL.NODE
finished new install for INSTALL.NODE
Clear cache for INSTALL.NODE
Finish Clear cache for INSTALL.NODE
PHP class nmae called class name :Users_Node_install
PHP class nmae called class name :Wordpress_Node_install
PHP class nmae called class name :Theme_Node_install
PHP class nmae called class name :Output_Node_install
PHP class nmae called class name :Role_Node_install
PHP class nmae called class name :Translation_Node_install
PHP class nmae called class name :Images_Node_install
PHP class nmae called class name :Netcom_Node_install
PHP class nmae called class name :Library_Node_install
PHP class nmae called class name :Apps_Node_install
PHP class nmae called class name :Email_Node_install
PHP class nmae called class name :Scheduler_Node_install
PHP class nmae called class name :Main_Node_install
PHP class nmae called class name :Design_Node_install
PHP class nmae called class name :Vendor_Node_install
PHP class nmae called class name :Item_Node_install
PHP class nmae called class name :Mailbox_Node_install
PHP class nmae called class name :Ticket_Node_install
PHP class nmae called class name :Comment_Node_install
PHP class nmae called class name :Currency_Node_install
PHP class nmae called class name :Countries_Node_install
PHP class nmae called class name :Address_Node_install
PHP class nmae called class name :Catalog_Node_install
PHP class nmae called class name :Jcatalog_Application_install