
 <br> _checkPublicParams()
 <br> _defineConstants()
 <br> _defineLocals()
 <br> _usefullInitialInfo()
 <br> ---- START OF NEW INFO LOGS ----
 <br> PHP ver : 5.6.3
 <br> _joobiTarGzSourcePath : C:\xampp\htdocs\kanolliwp\wp-content\plugins\jcatalog\admin\joobi.tar.gz
 <br> _joobiFolderTemporary : C:\xampp\htdocs\kanolliwp\wp-content\plugins\jcatalog\joobi
 <br> _joobiFolderDestinationPath : C:/xampp/htdocs/kanolliwp/joobi
 <br> _libPackagesPath : C:\xampp\htdocs\kanolliwp\wp-content\plugins\jcatalog\joobi\lib_packages.txt
 <br> htdocsPath : C:/xampp/htdocs/kanolliwp/
 <br> appName : jcatalog
 <br> cmsName : wordpress
 <br> _improvePerformance()
 <br> _importFiles()
 <br> importing wordpress library files
 <br> _settingUp()
 <br> _checkExistingJoobi()
 <br> Joobi Folder Exists (1 for Yes , empty for No) : 
 <br> _extractAndMoveJoobi()
 <br> no untar, moved joobi folder
 <br> _runSQL()
 <br> _createTables()
 <br> _createTables() kwp_
 <br> _splitSql()
 <br> _alterTables()
 <br> _alterTables() kwp_
 <br> _splitSql()
 <br> _insertData()
 <br> _insertData() kwp_
 <br> _splitSql()
 <br> _postProcessing()
 <br> _prepareForJoobi()
 <br> _nodeInstallFunctions()
 <br> before _getPackageListArray()
 <br> _getPackageListArray()
 <br> after _getPackageListArray() :
 <br> 1. _runCustomInstall()
 <br> 2. _runCustomInstall() : install_node
 <br> calling install function for node :install with newInstall flag :1
 <br> 2. _runCustomInstall() : users_node
 <br> calling install function for node :users with newInstall flag :1
 <br> 2. _runCustomInstall() : wordpress_node
 <br> calling install function for node :wordpress with newInstall flag :1
 <br> 2. _runCustomInstall() : theme_node
 <br> calling install function for node :theme with newInstall flag :1
 <br> 2. _runCustomInstall() : api_node
 <br> 2. _runCustomInstall() : editor_node
 <br> 2. _runCustomInstall() : output_node
 <br> calling install function for node :output with newInstall flag :1
 <br> 2. _runCustomInstall() : role_node
 <br> calling install function for node :role with newInstall flag :1
 <br> 2. _runCustomInstall() : category_node
 <br> 2. _runCustomInstall() : translation_node
 <br> calling install function for node :translation with newInstall flag :1
 <br> 2. _runCustomInstall() : images_node
 <br> calling install function for node :images with newInstall flag :1
 <br> 2. _runCustomInstall() : files_node
 <br> 2. _runCustomInstall() : netcom_node
 <br> calling install function for node :netcom with newInstall flag :1
 <br> 2. _runCustomInstall() : library_node
 <br> calling install function for node :library with newInstall flag :1
 <br> 2. _runCustomInstall() : japps_application
 <br> 2. _runCustomInstall() : events_node
 <br> 2. _runCustomInstall() : space_node
 <br> 2. _runCustomInstall() : apps_node
 <br> calling install function for node :apps with newInstall flag :1
 <br> 2. _runCustomInstall() : email_node
 <br> calling install function for node :email with newInstall flag :1
 <br> 2. _runCustomInstall() : scheduler_node
 <br> calling install function for node :scheduler with newInstall flag :1
 <br> 2. _runCustomInstall() : main_node
 <br> calling install function for node :main with newInstall flag :1
 <br> 2. _runCustomInstall() : design_node
 <br> calling install function for node :design with newInstall flag :1
 <br> 2. _runCustomInstall() : wishlist_node
 <br> 2. _runCustomInstall() : vendor_node
 <br> calling install function for node :vendor with newInstall flag :1
 <br> 2. _runCustomInstall() : item_node
 <br> calling install function for node :item with newInstall flag :1
 <br> 2. _runCustomInstall() : mailbox_node
 <br> calling install function for node :mailbox with newInstall flag :1
 <br> 2. _runCustomInstall() : project_node
 <br> 2. _runCustomInstall() : ticket_node
 <br> calling install function for node :ticket with newInstall flag :1
 <br> 2. _runCustomInstall() : comment_node
 <br> calling install function for node :comment with newInstall flag :1
 <br> 2. _runCustomInstall() : currency_node
 <br> calling install function for node :currency with newInstall flag :1
 <br> 2. _runCustomInstall() : countries_node
 <br> calling install function for node :countries with newInstall flag :1
 <br> 2. _runCustomInstall() : address_node
 <br> calling install function for node :address with newInstall flag :1
 <br> 2. _runCustomInstall() : catalog_node
 <br> calling install function for node :catalog with newInstall flag :1
 <br> 2. _runCustomInstall() : jcatalog_application
 <br> calling install function for node :jcatalog with newInstall flag :1
 <br> after _runCustomInstall() :
 <br> _updatePreferences()
 <br> updating preferences... : http://joobiserver.com/w/wp/p21
 <br> updating preferences... : http://register.joobi.co
 <br> _resetUser()
 <br> _updateVersionAndTime()
 <br> appID : 32
 <br> _MainAppPatch()
 <br> _updateVersionAndTime()
 <br> appID : 29
 <br> _refreshApps()
 <br> _clearCache()
 <br> Done with reseting Cache....
 <br> _moveLogsToJoobi()
 <br> END OF INSTALLATION
 <br> Logs successfully moved